#
# There is insufficient memory for the Java Runtime Environment to continue.
# Native memory allocation (malloc) failed to allocate 32744 bytes for ChunkPool::allocate
# Possible reasons:
#   The system is out of physical RAM or swap space
#   In 32 bit mode, the process size limit was hit
# Possible solutions:
#   Reduce memory load on the system
#   Increase physical memory or swap space
#   Check if swap backing store is full
#   Use 64 bit Java on a 64 bit OS
#   Decrease Java heap size (-Xmx/-Xms)
#   Decrease number of Java threads
#   Decrease Java thread stack sizes (-Xss)
#   Set larger code cache with -XX:ReservedCodeCacheSize=
# This output file may be truncated or incomplete.
#
#  Out of Memory Error (allocation.cpp:273), pid=2512, tid=6512
#
# JRE version: Java(TM) SE Runtime Environment (8.0_45-b14) (build 1.8.0_45-b14)
# Java VM: Java HotSpot(TM) 64-Bit Server VM (25.45-b02 mixed mode windows-amd64 compressed oops)
# Failed to write core dump. Minidumps are not enabled by default on client versions of Windows
#

---------------  T H R E A D  ---------------

Current thread (0x0000000055a1b800):  JavaThread "C1 CompilerThread2" daemon [_thread_in_vm, id=6512, stack(0x00000000573c0000,0x00000000574c0000)]

Stack: [0x00000000573c0000,0x00000000574c0000]
Native frames: (J=compiled Java code, j=interpreted, Vv=VM code, C=native code)
V  [jvm.dll+0x32b57a]


Current CompileTask:
C1:   6487 3872       3      
[error occurred during error reporting (printing current compile task), id 0xe0000001]


---------------  P R O C E S S  ---------------

Java Threads: ( => current thread )
  0x0000000058a38800 JavaThread "File lock request listener" [_thread_in_native, id=6464, stack(0x000000005a470000,0x000000005a570000)]
  0x00000000585e8800 JavaThread "Stdin handler" [_thread_blocked, id=8100, stack(0x0000000059320000,0x0000000059420000)]
  0x00000000585db800 JavaThread "Daemon worker" [_thread_blocked, id=7476, stack(0x0000000059d50000,0x0000000059e50000)]
  0x00000000585d9000 JavaThread "Cancel handler" [_thread_blocked, id=6016, stack(0x0000000059b90000,0x0000000059c90000)]
  0x0000000058456800 JavaThread "Handler for socket connection from /127.0.0.1:59645 to /127.0.0.1:59646" [_thread_in_native, id=7660, stack(0x0000000059a40000,0x0000000059b40000)]
  0x0000000058455800 JavaThread "Daemon" [_thread_blocked, id=4024, stack(0x0000000059940000,0x0000000059a40000)]
  0x0000000058500800 JavaThread "Incoming local TCP Connector on port 59645" [_thread_in_native, id=7724, stack(0x00000000595d0000,0x00000000596d0000)]
  0x000000005754a000 JavaThread "Service Thread" daemon [_thread_blocked, id=7084, stack(0x00000000578e0000,0x00000000579e0000)]
=>0x0000000055a1b800 JavaThread "C1 CompilerThread2" daemon [_thread_in_vm, id=6512, stack(0x00000000573c0000,0x00000000574c0000)]
  0x0000000055a1a800 JavaThread "C2 CompilerThread1" daemon [_thread_in_native, id=4152, stack(0x0000000057170000,0x0000000057270000)]
  0x0000000055a18800 JavaThread "C2 CompilerThread0" daemon [_thread_in_native, id=8164, stack(0x0000000056fe0000,0x00000000570e0000)]
  0x0000000055a14800 JavaThread "Attach Listener" daemon [_thread_blocked, id=7800, stack(0x0000000056eb0000,0x0000000056fb0000)]
  0x0000000055a12800 JavaThread "Signal Dispatcher" daemon [_thread_blocked, id=8056, stack(0x0000000056d70000,0x0000000056e70000)]
  0x00000000559b8800 JavaThread "Finalizer" daemon [_thread_blocked, id=4192, stack(0x0000000056820000,0x0000000056920000)]
  0x00000000559b1800 JavaThread "Reference Handler" daemon [_thread_blocked, id=3408, stack(0x0000000056b90000,0x0000000056c90000)]
  0x00000000029cf800 JavaThread "main" [_thread_blocked, id=1228, stack(0x0000000002be0000,0x0000000002ce0000)]

Other Threads:
  0x00000000559ac000 VMThread [stack: 0x0000000056950000,0x0000000056a50000] [id=2992]
  0x0000000057551800 WatcherThread [stack: 0x0000000057a00000,0x0000000057b00000] [id=6920]

VM state:not at safepoint (normal execution)

VM Mutex/Monitor currently owned by a thread:  ([mutex/lock_event])
[0x00000000029ce350] Compile_lock - owner thread: 0x0000000055a1b800
[0x00000000029ce450] MethodCompileQueue_lock - owner thread: 0x0000000055a1b800

Heap:
 PSYoungGen      total 231936K, used 25124K [0x00000000eab00000, 0x0000000100000000, 0x0000000100000000)
  eden space 219648K, 11% used [0x00000000eab00000,0x00000000ec389388,0x00000000f8180000)
  from space 12288K, 0% used [0x00000000f8180000,0x00000000f8180000,0x00000000f8d80000)
  to   space 17920K, 0% used [0x00000000fee80000,0x00000000fee80000,0x0000000100000000)
 ParOldGen       total 81920K, used 27202K [0x00000000c0000000, 0x00000000c5000000, 0x00000000eab00000)
  object space 81920K, 33% used [0x00000000c0000000,0x00000000c1a90890,0x00000000c5000000)
 Metaspace       used 36175K, capacity 37398K, committed 37592K, reserved 1081344K
  class space    used 4859K, capacity 5331K, committed 5376K, reserved 1048576K

Card table byte_map: [0x0000000012370000,0x0000000012580000] byte_map_base: 0x0000000011d70000

Marking Bits: (ParMarkBitMap*) 0x0000000071624040
 Begin Bits: [0x0000000012e20000, 0x0000000013e20000)
 End Bits:   [0x0000000013e20000, 0x0000000014e20000)

Polling page: 0x0000000002190000

CodeCache: size=245760Kb used=13262Kb max_used=13673Kb free=232497Kb
 bounds [0x0000000002fb0000, 0x0000000003d20000, 0x0000000011fb0000]
 total_blobs=4117 nmethods=3469 adapters=560
 compilation: enabled

Compilation events (10 events):
Event: 6.480 Thread 0x0000000055a1b800 nmethod 3867 0x000000000336b850 code [0x000000000336b9a0, 0x000000000336baf0]
Event: 6.483 Thread 0x0000000055a1b800 3868       3       org.codehaus.groovy.util.ComplexKeyHashMap::resize (103 bytes)
Event: 6.483 Thread 0x0000000055a1b800 nmethod 3868 0x0000000003850090 code [0x0000000003850220, 0x0000000003850730]
Event: 6.484 Thread 0x0000000055a1b800 3869       3       groovy.lang.MetaClassImpl::chooseMethod (29 bytes)
Event: 6.484 Thread 0x0000000055a1b800 nmethod 3869 0x00000000037d87d0 code [0x00000000037d8960, 0x00000000037d8d98]
Event: 6.484 Thread 0x0000000055a1b800 3870       3       org.codehaus.groovy.runtime.MetaClassHelper::getMaximumInterfaceDistance (101 bytes)
Event: 6.485 Thread 0x0000000055a1b800 nmethod 3870 0x0000000003594b90 code [0x0000000003594d60, 0x00000000035953b8]
Event: 6.485 Thread 0x0000000055a1b800 3871       3       sun.reflect.NativeConstructorAccessorImpl::<init> (10 bytes)
Event: 6.485 Thread 0x0000000055a1b800 nmethod 3871 0x00000000033fcc90 code [0x00000000033fce00, 0x00000000033fd090]
Event: 6.485 Thread 0x0000000055a1b800 3872       3       sun.reflect.DelegatingConstructorAccessorImpl::<init> (10 bytes)

GC Heap History (10 events):
Event: 3.301 GC heap before
{Heap before GC invocations=7 (full 1):
 PSYoungGen      total 71680K, used 68861K [0x00000000eab00000, 0x00000000f3080000, 0x0000000100000000)
  eden space 66560K, 100% used [0x00000000eab00000,0x00000000eec00000,0x00000000eec00000)
  from space 5120K, 44% used [0x00000000eec00000,0x00000000eee3f760,0x00000000ef100000)
  to   space 10752K, 0% used [0x00000000f2600000,0x00000000f2600000,0x00000000f3080000)
 ParOldGen       total 52736K, used 7028K [0x00000000c0000000, 0x00000000c3380000, 0x00000000eab00000)
  object space 52736K, 13% used [0x00000000c0000000,0x00000000c06dd2f8,0x00000000c3380000)
 Metaspace       used 22363K, capacity 22900K, committed 23168K, reserved 1069056K
  class space    used 2929K, capacity 3115K, committed 3200K, reserved 1048576K
Event: 3.312 GC heap after
Heap after GC invocations=7 (full 1):
 PSYoungGen      total 125952K, used 1768K [0x00000000eab00000, 0x00000000f3600000, 0x0000000100000000)
  eden space 115200K, 0% used [0x00000000eab00000,0x00000000eab00000,0x00000000f1b80000)
  from space 10752K, 16% used [0x00000000f2600000,0x00000000f27ba100,0x00000000f3080000)
  to   space 10752K, 0% used [0x00000000f1b80000,0x00000000f1b80000,0x00000000f2600000)
 ParOldGen       total 52736K, used 7028K [0x00000000c0000000, 0x00000000c3380000, 0x00000000eab00000)
  object space 52736K, 13% used [0x00000000c0000000,0x00000000c06dd2f8,0x00000000c3380000)
 Metaspace       used 22363K, capacity 22900K, committed 23168K, reserved 1069056K
  class space    used 2929K, capacity 3115K, committed 3200K, reserved 1048576K
}
Event: 3.564 GC heap before
{Heap before GC invocations=8 (full 1):
 PSYoungGen      total 125952K, used 116968K [0x00000000eab00000, 0x00000000f3600000, 0x0000000100000000)
  eden space 115200K, 100% used [0x00000000eab00000,0x00000000f1b80000,0x00000000f1b80000)
  from space 10752K, 16% used [0x00000000f2600000,0x00000000f27ba100,0x00000000f3080000)
  to   space 10752K, 0% used [0x00000000f1b80000,0x00000000f1b80000,0x00000000f2600000)
 ParOldGen       total 52736K, used 7028K [0x00000000c0000000, 0x00000000c3380000, 0x00000000eab00000)
  object space 52736K, 13% used [0x00000000c0000000,0x00000000c06dd2f8,0x00000000c3380000)
 Metaspace       used 22387K, capacity 22900K, committed 23168K, reserved 1069056K
  class space    used 2930K, capacity 3115K, committed 3200K, reserved 1048576K
Event: 3.678 GC heap after
Heap after GC invocations=8 (full 1):
 PSYoungGen      total 125952K, used 2120K [0x00000000eab00000, 0x00000000f9880000, 0x0000000100000000)
  eden space 115200K, 0% used [0x00000000eab00000,0x00000000eab00000,0x00000000f1b80000)
  from space 10752K, 19% used [0x00000000f1b80000,0x00000000f1d92120,0x00000000f2600000)
  to   space 10752K, 0% used [0x00000000f8e00000,0x00000000f8e00000,0x00000000f9880000)
 ParOldGen       total 52736K, used 7028K [0x00000000c0000000, 0x00000000c3380000, 0x00000000eab00000)
  object space 52736K, 13% used [0x00000000c0000000,0x00000000c06dd2f8,0x00000000c3380000)
 Metaspace       used 22387K, capacity 22900K, committed 23168K, reserved 1069056K
  class space    used 2930K, capacity 3115K, committed 3200K, reserved 1048576K
}
Event: 4.545 GC heap before
{Heap before GC invocations=9 (full 1):
 PSYoungGen      total 125952K, used 117320K [0x00000000eab00000, 0x00000000f9880000, 0x0000000100000000)
  eden space 115200K, 100% used [0x00000000eab00000,0x00000000f1b80000,0x00000000f1b80000)
  from space 10752K, 19% used [0x00000000f1b80000,0x00000000f1d92120,0x00000000f2600000)
  to   space 10752K, 0% used [0x00000000f8e00000,0x00000000f8e00000,0x00000000f9880000)
 ParOldGen       total 52736K, used 7028K [0x00000000c0000000, 0x00000000c3380000, 0x00000000eab00000)
  object space 52736K, 13% used [0x00000000c0000000,0x00000000c06dd2f8,0x00000000c3380000)
 Metaspace       used 25206K, capacity 26062K, committed 26240K, reserved 1071104K
  class space    used 3323K, capacity 3633K, committed 3712K, reserved 1048576K
Event: 4.559 GC heap after
Heap after GC invocations=9 (full 1):
 PSYoungGen      total 230400K, used 9961K [0x00000000eab00000, 0x00000000f9980000, 0x0000000100000000)
  eden space 219648K, 0% used [0x00000000eab00000,0x00000000eab00000,0x00000000f8180000)
  from space 10752K, 92% used [0x00000000f8e00000,0x00000000f97ba5a0,0x00000000f9880000)
  to   space 12288K, 0% used [0x00000000f8180000,0x00000000f8180000,0x00000000f8d80000)
 ParOldGen       total 52736K, used 7036K [0x00000000c0000000, 0x00000000c3380000, 0x00000000eab00000)
  object space 52736K, 13% used [0x00000000c0000000,0x00000000c06df2f8,0x00000000c3380000)
 Metaspace       used 25206K, capacity 26062K, committed 26240K, reserved 1071104K
  class space    used 3323K, capacity 3633K, committed 3712K, reserved 1048576K
}
Event: 6.030 GC heap before
{Heap before GC invocations=10 (full 1):
 PSYoungGen      total 230400K, used 137162K [0x00000000eab00000, 0x00000000f9980000, 0x0000000100000000)
  eden space 219648K, 57% used [0x00000000eab00000,0x00000000f27383f8,0x00000000f8180000)
  from space 10752K, 92% used [0x00000000f8e00000,0x00000000f97ba5a0,0x00000000f9880000)
  to   space 12288K, 0% used [0x00000000f8180000,0x00000000f8180000,0x00000000f8d80000)
 ParOldGen       total 52736K, used 7036K [0x00000000c0000000, 0x00000000c3380000, 0x00000000eab00000)
  object space 52736K, 13% used [0x00000000c0000000,0x00000000c06df2f8,0x00000000c3380000)
 Metaspace       used 34191K, capacity 35338K, committed 35416K, reserved 1079296K
  class space    used 4535K, capacity 4986K, committed 4992K, reserved 1048576K
Event: 6.211 GC heap after
Heap after GC invocations=10 (full 1):
 PSYoungGen      total 231936K, used 12256K [0x00000000eab00000, 0x0000000100000000, 0x0000000100000000)
  eden space 219648K, 0% used [0x00000000eab00000,0x00000000eab00000,0x00000000f8180000)
  from space 12288K, 99% used [0x00000000f8180000,0x00000000f8d78030,0x00000000f8d80000)
  to   space 17920K, 0% used [0x00000000fee80000,0x00000000fee80000,0x0000000100000000)
 ParOldGen       total 52736K, used 16196K [0x00000000c0000000, 0x00000000c3380000, 0x00000000eab00000)
  object space 52736K, 30% used [0x00000000c0000000,0x00000000c0fd1018,0x00000000c3380000)
 Metaspace       used 34191K, capacity 35338K, committed 35416K, reserved 1079296K
  class space    used 4535K, capacity 4986K, committed 4992K, reserved 1048576K
}
Event: 6.211 GC heap before
{Heap before GC invocations=11 (full 2):
 PSYoungGen      total 231936K, used 12256K [0x00000000eab00000, 0x0000000100000000, 0x0000000100000000)
  eden space 219648K, 0% used [0x00000000eab00000,0x00000000eab00000,0x00000000f8180000)
  from space 12288K, 99% used [0x00000000f8180000,0x00000000f8d78030,0x00000000f8d80000)
  to   space 17920K, 0% used [0x00000000fee80000,0x00000000fee80000,0x0000000100000000)
 ParOldGen       total 52736K, used 16196K [0x00000000c0000000, 0x00000000c3380000, 0x00000000eab00000)
  object space 52736K, 30% used [0x00000000c0000000,0x00000000c0fd1018,0x00000000c3380000)
 Metaspace       used 34191K, capacity 35338K, committed 35416K, reserved 1079296K
  class space    used 4535K, capacity 4986K, committed 4992K, reserved 1048576K
Event: 6.297 GC heap after
Heap after GC invocations=11 (full 2):
 PSYoungGen      total 231936K, used 0K [0x00000000eab00000, 0x0000000100000000, 0x0000000100000000)
  eden space 219648K, 0% used [0x00000000eab00000,0x00000000eab00000,0x00000000f8180000)
  from space 12288K, 0% used [0x00000000f8180000,0x00000000f8180000,0x00000000f8d80000)
  to   space 17920K, 0% used [0x00000000fee80000,0x00000000fee80000,0x0000000100000000)
 ParOldGen       total 81920K, used 27202K [0x00000000c0000000, 0x00000000c5000000, 0x00000000eab00000)
  object space 81920K, 33% used [0x00000000c0000000,0x00000000c1a90890,0x00000000c5000000)
 Metaspace       used 34191K, capacity 35338K, committed 35416K, reserved 1079296K
  class space    used 4535K, capacity 4986K, committed 4992K, reserved 1048576K
}

Deoptimization events (10 events):
Event: 5.741 Thread 0x00000000585db800 Uncommon trap: reason=unstable_if action=reinterpret pc=0x0000000003291820 method=java.util.HashMap.hash(Ljava/lang/Object;)I @ 1
Event: 5.751 Thread 0x00000000585db800 Uncommon trap: reason=unstable_if action=reinterpret pc=0x00000000033f3664 method=java.util.HashMap.hash(Ljava/lang/Object;)I @ 1
Event: 5.889 Thread 0x00000000585db800 Uncommon trap: reason=unstable_if action=reinterpret pc=0x0000000003bf672c method=groovy.lang.MetaClassImpl.findPropertyMethod(Ljava/lang/Object;ZZ)Lgroovy/lang/MetaMethod; @ 247
Event: 5.902 Thread 0x00000000585db800 Uncommon trap: reason=unstable_if action=reinterpret pc=0x0000000003c5f710 method=groovy.lang.MetaClassImpl$1MOPIter.processFastArray(Lorg/codehaus/groovy/util/FastArray;)V @ 94
Event: 5.942 Thread 0x00000000585db800 Uncommon trap: reason=class_check action=maybe_recompile pc=0x000000000383686c method=java.lang.Throwable.<init>(Ljava/lang/String;Ljava/lang/Throwable;)V @ 24
Event: 6.306 Thread 0x00000000559b8800 Uncommon trap: reason=unstable_if action=reinterpret pc=0x00000000035538f0 method=java.lang.ref.ReferenceQueue.poll()Ljava/lang/ref/Reference; @ 4
Event: 6.448 Thread 0x00000000585db800 Uncommon trap: reason=bimorphic action=maybe_recompile pc=0x0000000003c4e7f8 method=java.util.regex.Pattern$Curly.match0(Ljava/util/regex/Matcher;IILjava/lang/CharSequence;)Z @ 170
Event: 6.448 Thread 0x00000000585db800 Uncommon trap: reason=bimorphic action=maybe_recompile pc=0x0000000003c4e608 method=java.util.regex.Pattern$Curly.match(Ljava/util/regex/Matcher;ILjava/lang/CharSequence;)Z @ 19
Event: 6.448 Thread 0x00000000585db800 Uncommon trap: reason=bimorphic action=maybe_recompile pc=0x0000000003c4e608 method=java.util.regex.Pattern$Curly.match(Ljava/util/regex/Matcher;ILjava/lang/CharSequence;)Z @ 19
Event: 6.448 Thread 0x00000000585db800 Uncommon trap: reason=bimorphic action=maybe_recompile pc=0x0000000003c4e608 method=java.util.regex.Pattern$Curly.match(Ljava/util/regex/Matcher;ILjava/lang/CharSequence;)Z @ 19

Internal exceptions (10 events):
Event: 6.473 Thread 0x00000000585db800 Exception <a 'java/lang/ClassNotFoundException': java/util/SetCustomizer> (0x00000000ec12f128) thrown at [C:\re\workspace\8-2-build-windows-amd64-cygwin\jdk8u45\3457\hotspot\src\share\vm\classfile\systemDictionary.cpp, line 210]
Event: 6.474 Thread 0x00000000585db800 Exception <a 'java/lang/ClassNotFoundException': org/gradle/api/NamedDomainObjectContainerBeanInfo> (0x00000000ec16a330) thrown at [C:\re\workspace\8-2-build-windows-amd64-cygwin\jdk8u45\3457\hotspot\src\share\vm\classfile\systemDictionary.cpp, line 210]
Event: 6.474 Thread 0x00000000585db800 Exception <a 'java/lang/ClassNotFoundException': org/gradle/api/NamedDomainObjectContainerCustomizer> (0x00000000ec18bd68) thrown at [C:\re\workspace\8-2-build-windows-amd64-cygwin\jdk8u45\3457\hotspot\src\share\vm\classfile\systemDictionary.cpp, line 210]4∂E[Ê@
Event: 6.475 Thread 0x00000000585db800 Exception <a 'java/lang/ClassNotFoundException': org/gradle/util/ConfigurableBeanInfo> (0x00000000ec1bb160) thrown at [C:\re\workspace\8-2-build-windows-amd64-cygwin\jdk8u45\3457\hotspot\src\share\vm\classfile\systemDictionary.cpp, line 210]
Event: 6.477 Thread 0x00000000585db800 Exception <a 'java/lang/ClassNotFoundException': org/gradle/util/ConfigurableCustomizer> (0x00000000ec1d71d0) thrown at [C:\re\workspace\8-2-build-windows-amd64-cygwin\jdk8u45\3457\hotspot\src\share\vm\classfile\systemDictionary.cpp, line 210]
Event: 6.478 Thread 0x00000000585db800 Exception <a 'java/lang/reflect/InvocationTargetException'> (0x00000000ec1eb3a8) thrown at [C:\re\workspace\8-2-build-windows-amd64-cygwin\jdk8u45\3457\hotspot\src\share\vm\runtime\reflection.cpp, line 1080]
Event: 6.479 Thread 0x00000000585db800 Exception <a 'java/lang/ClassNotFoundException': com/android/build/gradle/internal/SdkHandlerBeanInfo> (0x00000000ec213948) thrown at [C:\re\workspace\8-2-build-windows-amd64-cygwin\jdk8u45\3457\hotspot\src\share\vm\classfile\systemDictionary.cpp, line 210πΩÊQ±Í@
Event: 6.479 Thread 0x00000000585db800 Exception <a 'java/lang/ClassNotFoundException': com/android/build/gradle/internal/SdkHandlerCustomizer> (0x00000000ec2202e0) thrown at [C:\re\workspace\8-2-build-windows-amd64-cygwin\jdk8u45\3457\hotspot\src\share\vm\classfile\systemDictionary.cpp, line 2
Event: 6.482 Thread 0x00000000585db800 Exception <a 'java/lang/ClassNotFoundException': com/android/SdkConstantsBeanInfo> (0x00000000ec273158) thrown at [C:\re\workspace\8-2-build-windows-amd64-cygwin\jdk8u45\3457\hotspot\src\share\vm\classfile\systemDictionary.cpp, line 210]
Event: 6.482 Thread 0x00000000585db800 Exception <a 'java/lang/ClassNotFoundException': com/android/SdkConstantsCustomizer> (0x00000000ec27d1e8) thrown at [C:\re\workspace\8-2-build-windows-amd64-cygwin\jdk8u45\3457\hotspot\src\share\vm\classfile\systemDictionary.cpp, line 210]

Events (10 events):
Event: 6.482 loading class com/android/SdkConstantsBeanInfo
Event: 6.482 loading class com/android/SdkConstantsBeanInfo done
Event: 6.482 loading class com/android/SdkConstantsBeanInfo
Event: 6.482 loading class com/android/SdkConstantsBeanInfo done
Event: 6.482 loading class com/android/SdkConstantsCustomizer
Event: 6.482 loading class com/android/SdkConstantsCustomizer done
Event: 6.482 loading class com/android/SdkConstantsCustomizer
Event: 6.482 loading class com/android/SdkConstantsCustomizer done
Event: 6.484 loading class sun/reflect/UnsafeQualifiedStaticCharacterFieldAccessorImpl
Event: 6.484 loading class sun/reflect/UnsafeQualifiedStaticCharacterFieldAccessorImpl done


Dynamic libraries:
0x000000013fbf0000 - 0x000000013fc27000 	C:\Program Files\Java\jdk1.8.0_45\bin\java.exe
0x0000000076ff0000 - 0x0000000077199000 	C:\Windows\SYSTEM32\ntdll.dll
0x0000000076dd0000 - 0x0000000076eef000 	C:\Windows\system32\kernel32.dll
0x000007fefd2a0000 - 0x000007fefd30b000 	C:\Windows\system32\KERNELBASE.dll
0x000007fefd900000 - 0x000007fefd9db000 	C:\Windows\system32\ADVAPI32.dll
0x000007fefde20000 - 0x000007fefdebf000 	C:\Windows\system32\msvcrt.dll
0x000007fefd6e0000 - 0x000007fefd6ff000 	C:\Windows\SYSTEM32\sechost.dll
0x000007fefe230000 - 0x000007fefe35d000 	C:\Windows\system32\RPCRT4.dll
0x0000000076ef0000 - 0x0000000076fea000 	C:\Windows\system32\USER32.dll
0x000007fefd700000 - 0x000007fefd767000 	C:\Windows\system32\GDI32.dll
0x000007fefd770000 - 0x000007fefd77e000 	C:\Windows\system32\LPK.dll
0x000007fefd3f0000 - 0x000007fefd4b9000 	C:\Windows\system32\USP10.dll
0x000007fefb580000 - 0x000007fefb774000 	C:\Windows\WinSxS\amd64_microsoft.windows.common-controls_6595b64144ccf1df_6.0.7601.17514_none_fa396087175ac9ac\COMCTL32.dll
0x000007fefdda0000 - 0x000007fefde11000 	C:\Windows\system32\SHLWAPI.dll
0x000007fefe360000 - 0x000007fefe38e000 	C:\Windows\system32\IMM32.DLL
0x000007fefe120000 - 0x000007fefe229000 	C:\Windows\system32\MSCTF.dll
0x000007fefcd30000 - 0x000007fefcdc5000 	C:\Windows\system32\guard64.dll
0x000007fefd4c0000 - 0x000007fefd6c3000 	C:\Windows\system32\ole32.dll
0x00000000771b0000 - 0x00000000771b7000 	C:\Windows\system32\PSAPI.DLL
0x000007fefcca0000 - 0x000007fefccac000 	C:\Windows\system32\VERSION.dll
0x000007fefca00000 - 0x000007fefca09000 	C:\Windows\system32\fltlib.dll
0x0000000074620000 - 0x00000000746f2000 	C:\Program Files\Java\jdk1.8.0_45\jre\bin\msvcr100.dll
0x0000000070e20000 - 0x00000000716a3000 	C:\Program Files\Java\jdk1.8.0_45\jre\bin\server\jvm.dll
0x000007fee2520000 - 0x000007fee2529000 	C:\Windows\system32\WSOCK32.dll
0x000007fefdb00000 - 0x000007fefdb4d000 	C:\Windows\system32\WS2_32.dll
0x000007fefd6d0000 - 0x000007fefd6d8000 	C:\Windows\system32\NSI.dll
0x000007fefca90000 - 0x000007fefcacb000 	C:\Windows\system32\WINMM.dll
0x00000000741e0000 - 0x00000000741ef000 	C:\Program Files\Java\jdk1.8.0_45\jre\bin\verify.dll
0x00000000741a0000 - 0x00000000741c9000 	C:\Program Files\Java\jdk1.8.0_45\jre\bin\java.dll
0x00000000739b0000 - 0x00000000739c6000 	C:\Program Files\Java\jdk1.8.0_45\jre\bin\zip.dll
0x000007fefe390000 - 0x000007feff118000 	C:\Windows\system32\SHELL32.dll
0x000007fefcf30000 - 0x000007fefcf3f000 	C:\Windows\system32\profapi.dll
0x000007fefc440000 - 0x000007fefc457000 	C:\Windows\system32\CRYPTSP.dll
0x000007fefc100000 - 0x000007fefc147000 	C:\Windows\system32\rsaenh.dll
0x000007fefcc20000 - 0x000007fefcc3e000 	C:\Windows\system32\USERENV.dll
0x000007fefce60000 - 0x000007fefce6f000 	C:\Windows\system32\CRYPTBASE.dll
0x0000000071ea0000 - 0x0000000071eba000 	C:\Program Files\Java\jdk1.8.0_45\jre\bin\net.dll
0x000007fefc3a0000 - 0x000007fefc3f5000 	C:\Windows\system32\mswsock.dll
0x000007fefc390000 - 0x000007fefc397000 	C:\Windows\System32\wship6.dll
0x000007fefcae0000 - 0x000007fefcb07000 	C:\Windows\system32\IPHLPAPI.DLL
0x000007fefcad0000 - 0x000007fefcadb000 	C:\Windows\system32\WINNSI.DLL
0x000007fef9e40000 - 0x000007fef9e51000 	C:\Windows\system32\dhcpcsvc6.DLL
0x000007fef9dc0000 - 0x000007fef9dd8000 	C:\Windows\system32\dhcpcsvc.DLL
0x0000000071e80000 - 0x0000000071e91000 	C:\Program Files\Java\jdk1.8.0_45\jre\bin\nio.dll
0x000007fed7b10000 - 0x000007fed7b22000 	C:\Users\Uros\AppData\Local\Temp\native-platform2898584325703700303dir\native-platform.dll
0x000007fefce00000 - 0x000007fefce57000 	C:\Windows\system32\apphelp.dll

VM Arguments:
jvm_args: -XX:MaxPermSize=256m -XX:+HeapDumpOnOutOfMemoryError -Xmx1024m -Dfile.encoding=windows-1252 -Duser.country=US -Duser.language=en -Duser.variant 
java_command: org.gradle.launcher.daemon.bootstrap.GradleDaemon 2.2.1 C:\Users\Uros\.gradle\daemon 10800000 1acc0114-778e-4286-aa3a-265dd66e0a26 -XX:MaxPermSize=256m -XX:+HeapDumpOnOutOfMemoryError -Xmx1024m -Dfile.encoding=windows-1252 -Duser.country=US -Duser.language=en -Duser.variant
java_class_path (initial): C:\Program Files\Android\Android Studio\gradle\gradle-2.2.1\lib\gradle-launcher-2.2.1.jar
Launcher Type: SUN_STANDARD

Environment Variables:
PATH=C:\ProgramData\Oracle\Java\javapath;C:\Program Files (x86)\Intel\iCLS Client\;C:\Program Files\Intel\iCLS Client\;C:\Windows\system32;C:\Windows;C:\Windows\System32\Wbem;C:\Windows\System32\WindowsPowerShell\v1.0\;C:\Program Files\Intel\Intel(R) Management Engine Components\DAL;C:\Program Files (x86)\Intel\Intel(R) Management Engine Components\DAL;C:\Program Files\Intel\Intel(R) Management Engine Components\IPT;C:\Program Files (x86)\Intel\Intel(R) Management Engine Components\IPT;C:\Program Files (x86)\ATI Technologies\ATI.ACE\Core-Static;C:\adb;C:\Program Files\Microsoft\Web Platform Installer\;C:\Program Files (x86)\Microsoft SQL Server\100\Tools\Binn\;C:\Program Files\Microsoft SQL Server\100\Tools\Binn\;C:\Program Files\Microsoft SQL Server\100\DTS\Binn\;C:\Program Files (x86)\Microsoft ASP.NET\ASP.NET Web Pages\v1.0\;C:\Program Files\Microsoft SQL Server\110\Tools\Binn\;C:\Program Files (x86)\Microsoft SQL Server\100\Tools\Binn\VSShell\Common7\IDE\;C:\Program Files (x86)\Microsoft SQL Server\100\DTS\Binn\;C:\Program Files\AMI\DuOS\;C:\Program Files (x86)\AMD\ATI.ACE\Core-Static;C:\Program Files (x86)\Skype\Phone\;
USERNAME=Uros
OS=Windows_NT
PROCESSOR_IDENTIFIER=Intel64 Family 6 Model 60 Stepping 3, GenuineIntel



---------------  S Y S T E M  ---------------

OS: Windows 7 , 64 bit Build 7601 (6.1.7601.17514)

CPU:total 4 (4 cores per cpu, 1 threads per core) family 6 model 60 stepping 3, cmov, cx8, fxsr, mmx, sse, sse2, sse3, ssse3, sse4.1, sse4.2, popcnt, avx, avx2, aes, clmul, erms, lzcnt, tsc, tscinvbit, bmi1, bmi2

Memory: 4k page, physical 8289300k(126368k free), swap 16478432k(16008k free)

vm_info: Java HotSpot(TM) 64-Bit Server VM (25.45-b02) for windows-amd64 JRE (1.8.0_45-b14), built on Apr 10 2015 10:34:15 by "java_re" with MS VC++ 10.0 (VS2010)

time: Tue Jun 16 18:25:18 2015
elapsed time: 6 seconds (0d 0h 0m 6s)

